{
  "RSpec": {
    "coverage": {
      "/home/cwooley89-59632/code/labs/tic-tac-toe-rb-bootcamp-prep-000/lib/tic_tac_toe.rb": [
        1,
        null,
        1,
        2,
        2,
        2,
        2,
        2,
        null,
        2,
        null,
        null,
        1,
        3,
        null,
        null,
        1,
        3,
        1,
        null,
        2,
        null,
        null,
        null,
        1,
        7,
        4,
        null,
        3,
        null,
        null,
        null,
        1,
        2,
        1,
        null,
        1,
        null,
        null,
        null,
        1,
        3,
        3,
        null
      ]
    },
    "timestamp": 1492010070
  }
}
