{
  "RSpec": {
    "coverage": {
      "/home/maldenirwin-31125/code/labs/tic-tac-toe-rb-bootcamp-prep-000/lib/tic_tac_toe.rb": [
        null,
        1,
        null,
        1,
        11,
        11,
        11,
        11,
        11,
        null,
        null,
        1,
        13,
        null,
        null,
        1,
        12,
        null,
        null,
        1,
        15,
        12,
        null,
        3,
        null,
        null,
        null,
        1,
        13,
        10,
        null,
        3,
        null,
        null,
        null,
        1,
        10,
        10,
        10,
        10,
        9,
        9,
        null,
        1,
        null,
        null,
        null,
        1,
        2,
        2,
        18,
        5,
        null,
        null,
        2,
        null,
        null,
        1,
        1,
        1,
        null,
        0,
        null,
        null,
        null,
        1,
        117,
        775,
        775,
        775,
        775,
        775,
        775,
        775,
        22,
        null,
        13,
        null,
        null,
        82,
        null,
        null,
        1,
        158,
        null,
        null,
        1,
        22,
        6,
        16,
        12,
        null,
        4,
        null,
        null,
        null,
        1,
        11,
        7,
        null,
        null,
        null,
        1,
        22,
        7,
        null,
        22,
        4,
        18,
        3,
        null,
        null,
        null,
        null,
        null,
        1,
        12,
        7,
        7,
        null,
        12,
        4,
        8,
        1,
        7,
        2,
        null,
        null
      ]
    },
    "timestamp": 1478898789
  }
}
