{
  "RSpec": {
    "coverage": {
      "/home/johnshelby-35847/code/labs/tic-tac-toe-rb-bootcamp-prep-000/lib/tic_tac_toe.rb": [
        1,
        1,
        null,
        null,
        null,
        null,
        null,
        null,
        null,
        null,
        null,
        null,
        1,
        18665,
        18663,
        18663,
        18663,
        18663,
        null,
        null,
        null,
        1,
        18644,
        18644,
        18644,
        null,
        null,
        1,
        17,
        17,
        null,
        null,
        null,
        1,
        18648,
        18629,
        null,
        19,
        null,
        null,
        null,
        null,
        null,
        1,
        18644,
        15,
        null,
        18629,
        null,
        null,
        null,
        1,
        16,
        16,
        144,
        10,
        null,
        null,
        16,
        null,
        null,
        1,
        15,
        10,
        null,
        5,
        null,
        null,
        null,
        1,
        18,
        127,
        210,
        null,
        7,
        null,
        156,
        null,
        2,
        null,
        null,
        9,
        null,
        null,
        null,
        null,
        1,
        7,
        7,
        17,
        null,
        4,
        null,
        3,
        null,
        null,
        null,
        null,
        1,
        9,
        2,
        null,
        7,
        null,
        null,
        null,
        null,
        1,
        6,
        2,
        null,
        null,
        null,
        1,
        3,
        2,
        null,
        null,
        null,
        1,
        18646,
        18644,
        18644,
        18641,
        18641,
        null,
        14,
        14,
        null,
        18627,
        null,
        null,
        null,
        1,
        12,
        7,
        7,
        0,
        0,
        null,
        0,
        null,
        null
      ]
    },
    "timestamp": 1479753260
  }
}
